{
  "meta": {
    "version": "6.5.0",
    "timestamp": "2022-11-24T00:26:26.836051",
    "branch_coverage": false,
    "show_contexts": false
  },
  "files": {
    "src/applications/app_cat.py": {
      "executed_lines": [
        1,
        2,
        4,
        7,
        8,
        9,
        10,
        12,
        14,
        15,
        17,
        18,
        19,
        20,
        21,
        22
      ],
      "summary": {
        "covered_lines": 16,
        "num_statements": 16,
        "percent_covered": 100.0,
        "percent_covered_display": "100",
        "missing_lines": 0,
        "excluded_lines": 0
      },
      "missing_lines": [],
      "excluded_lines": []
    },
    "src/applications/app_cd.py": {
      "executed_lines": [
        1,
        2,
        3,
        5,
        7,
        8,
        9,
        10,
        11
      ],
      "summary": {
        "covered_lines": 9,
        "num_statements": 9,
        "percent_covered": 100.0,
        "percent_covered_display": "100",
        "missing_lines": 0,
        "excluded_lines": 0
      },
      "missing_lines": [],
      "excluded_lines": []
    },
    "src/applications/app_cut.py": {
      "executed_lines": [
        1,
        2,
        3,
        4,
        5,
        6,
        9,
        10,
        11,
        13,
        17,
        19,
        20,
        21,
        22,
        24,
        26,
        32,
        34,
        35,
        36,
        38,
        40,
        41,
        42,
        44,
        45,
        46,
        47,
        49,
        50,
        51,
        53,
        54,
        55,
        57,
        58,
        59,
        60,
        61,
        62,
        63,
        64,
        66,
        68,
        69,
        70,
        71,
        72,
        73,
        75,
        76,
        78,
        79,
        80,
        81,
        82,
        84,
        86,
        87,
        88,
        89,
        90,
        91,
        92,
        93,
        94,
        95
      ],
      "summary": {
        "covered_lines": 68,
        "num_statements": 68,
        "percent_covered": 100.0,
        "percent_covered_display": "100",
        "missing_lines": 0,
        "excluded_lines": 0
      },
      "missing_lines": [],
      "excluded_lines": []
    },
    "src/applications/app_echo.py": {
      "executed_lines": [
        1,
        2,
        4,
        6,
        7,
        8
      ],
      "summary": {
        "covered_lines": 6,
        "num_statements": 6,
        "percent_covered": 100.0,
        "percent_covered_display": "100",
        "missing_lines": 0,
        "excluded_lines": 0
      },
      "missing_lines": [],
      "excluded_lines": []
    },
    "src/applications/app_find.py": {
      "executed_lines": [
        1,
        2,
        3,
        4,
        5,
        6,
        7,
        8,
        11,
        12,
        13,
        14,
        16,
        17,
        19,
        20,
        22,
        24,
        25,
        26,
        28,
        30,
        31,
        33,
        34,
        35,
        36
      ],
      "summary": {
        "covered_lines": 27,
        "num_statements": 27,
        "percent_covered": 100.0,
        "percent_covered_display": "100",
        "missing_lines": 0,
        "excluded_lines": 0
      },
      "missing_lines": [],
      "excluded_lines": []
    },
    "src/applications/app_grep.py": {
      "executed_lines": [
        1,
        2,
        3,
        5,
        8,
        9,
        10,
        11,
        13,
        15,
        16,
        17,
        18,
        19,
        20,
        21,
        23,
        25,
        26,
        27,
        28,
        30,
        31,
        32,
        33,
        34,
        35,
        36,
        37,
        38
      ],
      "summary": {
        "covered_lines": 30,
        "num_statements": 30,
        "percent_covered": 100.0,
        "percent_covered_display": "100",
        "missing_lines": 0,
        "excluded_lines": 0
      },
      "missing_lines": [],
      "excluded_lines": []
    },
    "src/applications/app_head.py": {
      "executed_lines": [
        1,
        2,
        3,
        4,
        5,
        8,
        9,
        10,
        12,
        16,
        18,
        19,
        20,
        21,
        22,
        23,
        24,
        25,
        27,
        29,
        33,
        36,
        38,
        42,
        43,
        45,
        51,
        52,
        54,
        57,
        59,
        65,
        67,
        68,
        70,
        73,
        74,
        76,
        77,
        78,
        79,
        80,
        81,
        82,
        84,
        86,
        87,
        88,
        89,
        90,
        92
      ],
      "summary": {
        "covered_lines": 51,
        "num_statements": 51,
        "percent_covered": 100.0,
        "percent_covered_display": "100",
        "missing_lines": 0,
        "excluded_lines": 0
      },
      "missing_lines": [],
      "excluded_lines": []
    },
    "src/applications/app_ls.py": {
      "executed_lines": [
        1,
        2,
        3,
        5,
        8,
        9,
        10,
        11,
        12,
        13,
        15,
        17,
        18,
        20,
        21,
        22,
        24,
        25,
        26
      ],
      "summary": {
        "covered_lines": 19,
        "num_statements": 19,
        "percent_covered": 100.0,
        "percent_covered_display": "100",
        "missing_lines": 0,
        "excluded_lines": 0
      },
      "missing_lines": [],
      "excluded_lines": []
    },
    "src/applications/app_pwd.py": {
      "executed_lines": [
        1,
        2,
        3,
        5,
        7,
        8,
        9
      ],
      "summary": {
        "covered_lines": 7,
        "num_statements": 7,
        "percent_covered": 100.0,
        "percent_covered_display": "100",
        "missing_lines": 0,
        "excluded_lines": 0
      },
      "missing_lines": [],
      "excluded_lines": []
    },
    "src/applications/app_sort.py": {
      "executed_lines": [
        1,
        2,
        3,
        4,
        5,
        8,
        9,
        10,
        11,
        13,
        15,
        16,
        17,
        18,
        20,
        22,
        23,
        24,
        25,
        26,
        28,
        29,
        31,
        32,
        33,
        34,
        35,
        37,
        38,
        39
      ],
      "summary": {
        "covered_lines": 30,
        "num_statements": 30,
        "percent_covered": 100.0,
        "percent_covered_display": "100",
        "missing_lines": 0,
        "excluded_lines": 0
      },
      "missing_lines": [],
      "excluded_lines": []
    },
    "src/applications/app_tail.py": {
      "executed_lines": [
        1,
        2,
        3,
        4,
        5,
        8,
        9,
        10,
        12,
        16,
        18,
        19,
        20,
        21,
        22,
        23,
        24,
        25,
        27,
        29,
        33,
        36,
        38,
        42,
        43,
        45,
        51,
        52,
        54,
        57,
        59,
        65,
        67,
        68,
        70,
        73,
        74,
        76,
        77,
        78,
        79,
        80,
        81,
        82,
        84,
        86,
        87,
        88,
        89,
        90,
        92
      ],
      "summary": {
        "covered_lines": 51,
        "num_statements": 51,
        "percent_covered": 100.0,
        "percent_covered_display": "100",
        "missing_lines": 0,
        "excluded_lines": 0
      },
      "missing_lines": [],
      "excluded_lines": []
    },
    "src/applications/app_uniq.py": {
      "executed_lines": [
        1,
        2,
        3,
        4,
        5,
        8,
        9,
        10,
        11,
        13,
        14,
        16,
        17,
        19,
        21,
        22,
        23,
        24,
        25,
        26,
        28,
        30,
        31,
        32,
        33,
        34,
        35,
        36,
        38,
        39,
        40,
        41,
        42,
        43,
        44,
        45,
        47,
        48
      ],
      "summary": {
        "covered_lines": 38,
        "num_statements": 38,
        "percent_covered": 100.0,
        "percent_covered_display": "100",
        "missing_lines": 0,
        "excluded_lines": 0
      },
      "missing_lines": [],
      "excluded_lines": []
    },
    "src/applications/application.py": {
      "executed_lines": [
        1,
        2,
        3,
        6,
        7,
        8
      ],
      "summary": {
        "covered_lines": 6,
        "num_statements": 7,
        "percent_covered": 85.71428571428571,
        "percent_covered_display": "86",
        "missing_lines": 1,
        "excluded_lines": 0
      },
      "missing_lines": [
        9
      ],
      "excluded_lines": []
    },
    "src/applications/application_factory.py": {
      "executed_lines": [
        1,
        2,
        3,
        4,
        5,
        6,
        7,
        8,
        9,
        10,
        11,
        14,
        15,
        16,
        28,
        29,
        31,
        33
      ],
      "summary": {
        "covered_lines": 18,
        "num_statements": 20,
        "percent_covered": 90.0,
        "percent_covered_display": "90",
        "missing_lines": 2,
        "excluded_lines": 0
      },
      "missing_lines": [
        30,
        34
      ],
      "excluded_lines": []
    },
    "src/applications/unsafe_decorator.py": {
      "executed_lines": [
        1,
        2,
        3,
        6,
        7,
        8,
        10,
        11,
        12,
        13,
        14
      ],
      "summary": {
        "covered_lines": 11,
        "num_statements": 11,
        "percent_covered": 100.0,
        "percent_covered_display": "100",
        "missing_lines": 0,
        "excluded_lines": 0
      },
      "missing_lines": [],
      "excluded_lines": []
    },
    "src/errors.py": {
      "executed_lines": [
        1,
        4,
        5,
        6,
        7,
        8,
        11,
        12,
        15,
        16,
        19,
        20
      ],
      "summary": {
        "covered_lines": 12,
        "num_statements": 12,
        "percent_covered": 100.0,
        "percent_covered_display": "100",
        "missing_lines": 0,
        "excluded_lines": 0
      },
      "missing_lines": [],
      "excluded_lines": []
    },
    "src/random_testing.py": {
      "executed_lines": [],
      "summary": {
        "covered_lines": 0,
        "num_statements": 0,
        "percent_covered": 100.0,
        "percent_covered_display": "100",
        "missing_lines": 0,
        "excluded_lines": 0
      },
      "missing_lines": [],
      "excluded_lines": []
    },
    "src/shell.py": {
      "executed_lines": [
        1,
        2,
        3,
        4,
        5,
        6,
        7,
        8,
        10,
        11,
        12,
        13,
        14,
        15,
        16,
        17,
        18,
        22,
        23,
        26,
        27,
        28,
        29,
        31,
        32,
        33,
        34,
        109
      ],
      "summary": {
        "covered_lines": 28,
        "num_statements": 48,
        "percent_covered": 58.333333333333336,
        "percent_covered_display": "58",
        "missing_lines": 20,
        "excluded_lines": 0
      },
      "missing_lines": [
        19,
        20,
        24,
        110,
        111,
        112,
        113,
        114,
        115,
        116,
        117,
        118,
        119,
        121,
        122,
        123,
        124,
        125,
        126,
        127
      ],
      "excluded_lines": []
    },
    "src/utils.py": {
      "executed_lines": [
        1,
        2,
        5,
        6,
        7,
        9,
        12,
        13,
        14,
        16
      ],
      "summary": {
        "covered_lines": 10,
        "num_statements": 10,
        "percent_covered": 100.0,
        "percent_covered_display": "100",
        "missing_lines": 0,
        "excluded_lines": 0
      },
      "missing_lines": [],
      "excluded_lines": []
    }
  },
  "totals": {
    "covered_lines": 437,
    "num_statements": 460,
    "percent_covered": 95.0,
    "percent_covered_display": "95",
    "missing_lines": 23,
    "excluded_lines": 0
  }
}